# JRE version: OpenJDK Runtime Environment (24.0.1+9) (build 24.0.1+9-30)
# Java VM: OpenJDK 64-Bit Server VM (24.0.1+9-30, mixed mode, emulated-client, sharing, tiered, compressed oops, compressed class ptrs, g1 gc, windows-amd64)
GC Precious Log:
 CardTable entry size: 512
 Card Set container configuration: InlinePtr #cards 4 size 8 Array Of Cards #cards 16 size 48 Howl #buckets 8 coarsen threshold 3686 Howl Bitmap #cards 512 size 80 coarsen threshold 460 Card regions per heap region 1 cards per card region 4096
 CPUs: 8 total, 8 available
 Memory: 16266M
 Large Page Support: Disabled
 NUMA Support: Disabled
 Compressed Oops: Enabled (Zero based)
 Heap Region Size: 2M
 Heap Min Capacity: 8M
 Heap Initial Capacity: 256M
 Heap Max Capacity: 4068M
 Pre-touch: Disabled
 Parallel Workers: 8
 Concurrent Workers: 2
 Concurrent Refinement Workers: 8
 Periodic GC: Disabled
Heap:
 garbage-first heap   total reserved 4165632K, committed 75776K, used 57079K [0x0000000701c00000, 0x0000000800000000)
  region size 2048K, 17 young (34816K), 1 survivors (2048K)
 Metaspace       used 55671K, committed 56256K, reserved 1114112K
  class space    used 6516K, committed 6720K, reserved 1048576K
GC Heap History (20 events):
Event: 3.030 GC heap before
{Heap before GC invocations=1 (full 0):
 garbage-first heap   total reserved 4165632K, committed 264192K, used 56168K [0x0000000701c00000, 0x0000000800000000)
  region size 2048K, 28 young (57344K), 3 survivors (6144K)
 Metaspace       used 21239K, committed 21504K, reserved 1114112K
  class space    used 2256K, committed 2368K, reserved 1048576K
}
Event: 3.037 GC heap after
{Heap after GC invocations=2 (full 0):
 garbage-first heap   total reserved 4165632K, committed 264192K, used 12843K [0x0000000701c00000, 0x0000000800000000)
  region size 2048K, 5 young (10240K), 5 survivors (10240K)
 Metaspace       used 21239K, committed 21504K, reserved 1114112K
  class space    used 2256K, committed 2368K, reserved 1048576K
}
Event: 3.231 GC heap before
{Heap before GC invocations=3 (full 0):
 garbage-first heap   total reserved 4165632K, committed 49152K, used 31275K [0x0000000701c00000, 0x0000000800000000)
  region size 2048K, 14 young (28672K), 5 survivors (10240K)
 Metaspace       used 24157K, committed 24448K, reserved 1114112K
  class space    used 2531K, committed 2624K, reserved 1048576K
}
Event: 3.258 GC heap after
{Heap after GC invocations=4 (full 0):
 garbage-first heap   total reserved 4165632K, committed 49152K, used 13725K [0x0000000701c00000, 0x0000000800000000)
  region size 2048K, 1 young (2048K), 1 survivors (2048K)
 Metaspace       used 24157K, committed 24448K, reserved 1114112K
  class space    used 2531K, committed 2624K, reserved 1048576K
}
Event: 3.617 GC heap before
{Heap before GC invocations=4 (full 0):
 garbage-first heap   total reserved 4165632K, committed 49152K, used 32157K [0x0000000701c00000, 0x0000000800000000)
  region size 2048K, 11 young (22528K), 1 survivors (2048K)
 Metaspace       used 25638K, committed 25920K, reserved 1114112K
  class space    used 2719K, committed 2880K, reserved 1048576K
}
Event: 3.639 GC heap after
{Heap after GC invocations=5 (full 0):
 garbage-first heap   total reserved 4165632K, committed 49152K, used 15794K [0x0000000701c00000, 0x0000000800000000)
  region size 2048K, 2 young (4096K), 2 survivors (4096K)
 Metaspace       used 25638K, committed 25920K, reserved 1114112K
  class space    used 2719K, committed 2880K, reserved 1048576K
}
Event: 4.076 GC heap before
{Heap before GC invocations=5 (full 0):
 garbage-first heap   total reserved 4165632K, committed 49152K, used 36274K [0x0000000701c00000, 0x0000000800000000)
  region size 2048K, 12 young (24576K), 2 survivors (4096K)
 Metaspace       used 28985K, committed 29312K, reserved 1114112K
  class space    used 3182K, committed 3328K, reserved 1048576K
}
Event: 4.095 GC heap after
{Heap after GC invocations=6 (full 0):
 garbage-first heap   total reserved 4165632K, committed 49152K, used 17039K [0x0000000701c00000, 0x0000000800000000)
  region size 2048K, 1 young (2048K), 1 survivors (2048K)
 Metaspace       used 28985K, committed 29312K, reserved 1114112K
  class space    used 3182K, committed 3328K, reserved 1048576K
}
Event: 4.598 GC heap before
{Heap before GC invocations=6 (full 0):
 garbage-first heap   total reserved 4165632K, committed 49152K, used 35471K [0x0000000701c00000, 0x0000000800000000)
  region size 2048K, 11 young (22528K), 1 survivors (2048K)
 Metaspace       used 31837K, committed 32256K, reserved 1114112K
  class space    used 3554K, committed 3712K, reserved 1048576K
}
Event: 4.614 GC heap after
{Heap after GC invocations=7 (full 0):
 garbage-first heap   total reserved 4165632K, committed 49152K, used 18312K [0x0000000701c00000, 0x0000000800000000)
  region size 2048K, 2 young (4096K), 2 survivors (4096K)
 Metaspace       used 31837K, committed 32256K, reserved 1114112K
  class space    used 3554K, committed 3712K, reserved 1048576K
}
Event: 5.082 GC heap before
{Heap before GC invocations=7 (full 0):
 garbage-first heap   total reserved 4165632K, committed 49152K, used 36744K [0x0000000701c00000, 0x0000000800000000)
  region size 2048K, 12 young (24576K), 2 survivors (4096K)
 Metaspace       used 34575K, committed 35072K, reserved 1114112K
  class space    used 3877K, committed 4096K, reserved 1048576K
}
Event: 5.097 GC heap after
{Heap after GC invocations=8 (full 0):
 garbage-first heap   total reserved 4165632K, committed 155648K, used 20036K [0x0000000701c00000, 0x0000000800000000)
  region size 2048K, 2 young (4096K), 2 survivors (4096K)
 Metaspace       used 34575K, committed 35072K, reserved 1114112K
  class space    used 3877K, committed 4096K, reserved 1048576K
}
Event: 5.298 GC heap before
{Heap before GC invocations=8 (full 0):
 garbage-first heap   total reserved 4165632K, committed 155648K, used 28228K [0x0000000701c00000, 0x0000000800000000)
  region size 2048K, 7 young (14336K), 2 survivors (4096K)
 Metaspace       used 35707K, committed 36160K, reserved 1114112K
  class space    used 4008K, committed 4224K, reserved 1048576K
}
Event: 5.317 GC heap after
{Heap after GC invocations=9 (full 0):
 garbage-first heap   total reserved 4165632K, committed 155648K, used 20530K [0x0000000701c00000, 0x0000000800000000)
  region size 2048K, 2 young (4096K), 2 survivors (4096K)
 Metaspace       used 35707K, committed 36160K, reserved 1114112K
  class space    used 4008K, committed 4224K, reserved 1048576K
}
Event: 6.302 GC heap before
{Heap before GC invocations=10 (full 0):
 garbage-first heap   total reserved 4165632K, committed 75776K, used 59442K [0x0000000701c00000, 0x0000000800000000)
  region size 2048K, 22 young (45056K), 2 survivors (4096K)
 Metaspace       used 44475K, committed 44928K, reserved 1114112K
  class space    used 4993K, committed 5184K, reserved 1048576K
}
Event: 6.310 GC heap after
{Heap after GC invocations=11 (full 0):
 garbage-first heap   total reserved 4165632K, committed 75776K, used 23737K [0x0000000701c00000, 0x0000000800000000)
  region size 2048K, 3 young (6144K), 3 survivors (6144K)
 Metaspace       used 44475K, committed 44928K, reserved 1114112K
  class space    used 4993K, committed 5184K, reserved 1048576K
}
Event: 7.118 GC heap before
{Heap before GC invocations=11 (full 0):
 garbage-first heap   total reserved 4165632K, committed 75776K, used 58553K [0x0000000701c00000, 0x0000000800000000)
  region size 2048K, 21 young (43008K), 3 survivors (6144K)
 Metaspace       used 49584K, committed 50112K, reserved 1114112K
  class space    used 5669K, committed 5888K, reserved 1048576K
}
Event: 7.147 GC heap after
{Heap after GC invocations=12 (full 0):
 garbage-first heap   total reserved 4165632K, committed 75776K, used 27224K [0x0000000701c00000, 0x0000000800000000)
  region size 2048K, 2 young (4096K), 2 survivors (4096K)
 Metaspace       used 49584K, committed 50112K, reserved 1114112K
  class space    used 5669K, committed 5888K, reserved 1048576K
}
Event: 8.555 GC heap before
{Heap before GC invocations=12 (full 0):
 garbage-first heap   total reserved 4165632K, committed 75776K, used 62040K [0x0000000701c00000, 0x0000000800000000)
  region size 2048K, 19 young (38912K), 2 survivors (4096K)
 Metaspace       used 51640K, committed 52160K, reserved 1114112K
  class space    used 5930K, committed 6144K, reserved 1048576K
}
Event: 8.573 GC heap after
{Heap after GC invocations=13 (full 0):
 garbage-first heap   total reserved 4165632K, committed 75776K, used 28407K [0x0000000701c00000, 0x0000000800000000)
  region size 2048K, 1 young (2048K), 1 survivors (2048K)
 Metaspace       used 51640K, committed 52160K, reserved 1114112K
  class space    used 5930K, committed 6144K, reserved 1048576K
}

